<?xml version="1.0" encoding="UTF-8"?>
<!-- Generated by org.testng.reporters.JUnitReportReporter -->
<testsuite skipped="0" hostname="Kavyas-MacBook-Pro.local" name="com.expedia.Expedia.Expedia" tests="1" failures="0" timestamp="19 Mar 2019 19:55:47 GMT" time="6.791" errors="0">
  <testcase name="Expediafirst" time="6.791" classname="com.expedia.Expedia.Expedia"/>
</testsuite> <!-- com.expedia.Expedia.Expedia -->
